<?xml version="1.0" encoding="UTF-8"?>
<!-- Generated by org.testng.reporters.JUnitReportReporter -->
<testsuite skipped="0" hostname="SCHITTIREDDY-PK" name="com.qa.test.DemoTest3" tests="4" failures="0" timestamp="04 Feb 2021 23:53:00 GMT" time="0.002" errors="0">
  <testcase name="sub" time="0.000" classname="com.qa.test.DemoTest3"/>
  <testcase name="sum" time="0.001" classname="com.qa.test.DemoTest3"/>
  <testcase name="div" time="0.001" classname="com.qa.test.DemoTest3"/>
  <testcase name="mul" time="0.000" classname="com.qa.test.DemoTest3"/>
</testsuite> <!-- com.qa.test.DemoTest3 -->
